<?xml version="1.0" encoding="UTF-8"?>
<!-- Generated by org.testng.reporters.JUnitReportReporter -->
<testsuite hostname="DESKTOP-0E99RNE" failures="0" tests="1" name="Testpackage.TestA" time="18.393" errors="0" timestamp="2022-05-28T23:02:42 IST" skipped="0">
  <testcase classname="Testpackage.TestA" name="testA" time="18.393"/>
  <system-out/>
</testsuite> <!-- Testpackage.TestA -->
