<?xml version="1.0" encoding="UTF-8"?>
<!-- Generated by org.testng.reporters.JUnitReportReporter -->
<testsuite hostname="DESKTOP-0E99RNE" failures="0" tests="1" name="Testpackage.Textclassc" time="0.302" errors="0" timestamp="2022-05-21T15:30:35 IST" skipped="0">
  <testcase classname="Testpackage.Textclassc" name="testA" time="0.302"/>
  <system-out/>
</testsuite> <!-- Testpackage.Textclassc -->
